<?xml version="1.0" encoding="UTF-8"?>
<testsuite name="TestDraw" tests="1" skipped="0" failures="0" errors="0" timestamp="2021-04-30T05:07:26" hostname="DESKTOP-JL5VDRM" time="0.052">
  <properties/>
  <testcase name="CommandStringCheck()" classname="TestDraw" time="0.052"/>
  <system-out><![CDATA[0 [Test worker] INFO com.company.RunLogGame  - Log Game start ...
9 [Test worker] INFO com.company.CommandDictionary  - file was opened
9 [Test worker] INFO com.company.CommandDictionary  - all commands were parsed
12 [Test worker] INFO com.company.CommandFabric  - INIT class was added
12 [Test worker] INFO com.company.commands.InitCommand  - INIT command was done
. . . . . . . . . . 
. . . . . . . . . . 
. . R . . . . . . . 
. . . . . . . . . . 
. . . . . . . . . . 
. . . . . . . . . . 
. . . . . . . . . . 
. . . . . . . . . . 
. . . . . . . . . . 
. . . . . . . . . . 
16 [Test worker] INFO com.company.CommandFabric  - INIT class was taken
18 [Test worker] INFO com.company.CommandFabric  - DRAW class was added
Wrong number of arguments
19 [Test worker] INFO com.company.CommandFabric  - DRAW class was taken
Wrong number of arguments
22 [Test worker] INFO com.company.CommandFabric  - DRAW class was taken
Wrong command name
23 [Test worker] INFO com.company.commands.DrawCommand  - DRAW command was done
. . . . . . . . . . 
. . . . . . . . . . 
. . R . . . . . . . 
. . . . . . . . . . 
. . . . . . . . . . 
. . . . . . . . . . 
. . . . . . . . . . 
. . . . . . . . . . 
. . . . . . . . . . 
. . . . . . . . . . 
25 [Test worker] INFO com.company.CommandFabric  - DRAW class was taken
Wrong command name
]]></system-out>
  <system-err><![CDATA[]]></system-err>
</testsuite>
