<?xml version="1.0" encoding="UTF-8"?>
<testsuite name="TestInit" tests="1" skipped="0" failures="0" errors="0" timestamp="2021-04-30T05:07:26" hostname="DESKTOP-JL5VDRM" time="0.018">
  <properties/>
  <testcase name="CommandStringCheck()" classname="TestInit" time="0.018"/>
  <system-out><![CDATA[44 [Test worker] INFO com.company.RunLogGame  - Log Game start ...
44 [Test worker] INFO com.company.RunLogGame  - Log Game start ...
45 [Test worker] INFO com.company.CommandDictionary  - file was opened
45 [Test worker] INFO com.company.CommandDictionary  - file was opened
46 [Test worker] INFO com.company.CommandDictionary  - all commands were parsed
46 [Test worker] INFO com.company.CommandDictionary  - all commands were parsed
47 [Test worker] INFO com.company.CommandFabric  - INIT class was added
47 [Test worker] INFO com.company.CommandFabric  - INIT class was added
48 [Test worker] INFO com.company.commands.InitCommand  - INIT command was done
48 [Test worker] INFO com.company.commands.InitCommand  - INIT command was done
. . . . . . . . . . 
. . . . . . . . . . 
. . . R . . . . . . 
. . . . . . . . . . 
. . . . . . . . . . 
. . . . . . . . . . 
. . . . . . . . . . 
. . . . . . . . . . 
. . . . . . . . . . 
. . . . . . . . . . 
51 [Test worker] INFO com.company.CommandFabric  - INIT class was taken
51 [Test worker] INFO com.company.CommandFabric  - INIT class was taken
52 [Test worker] INFO com.company.commands.InitCommand  - INIT command was done
52 [Test worker] INFO com.company.commands.InitCommand  - INIT command was done
. . . . . . . . . . 
. . . . . . . . . . 
. . R . . . . . . . 
. . . . . . . . . . 
. . . . . . . . . . 
. . . . . . . . . . 
. . . . . . . . . . 
. . . . . . . . . . 
. . . . . . . . . . 
. . . . . . . . . . 
55 [Test worker] INFO com.company.CommandFabric  - INIT class was taken
55 [Test worker] INFO com.company.CommandFabric  - INIT class was taken
Wrong arguments
57 [Test worker] INFO com.company.CommandFabric  - INIT class was taken
57 [Test worker] INFO com.company.CommandFabric  - INIT class was taken
Wrong arguments
58 [Test worker] INFO com.company.CommandFabric  - INIT class was taken
58 [Test worker] INFO com.company.CommandFabric  - INIT class was taken
Wrong arguments
59 [Test worker] INFO com.company.CommandFabric  - INIT class was taken
59 [Test worker] INFO com.company.CommandFabric  - INIT class was taken
Wrong command name
Wrong number of arguments
60 [Test worker] INFO com.company.CommandFabric  - INIT class was taken
60 [Test worker] INFO com.company.CommandFabric  - INIT class was taken
Wrong command name
]]></system-out>
  <system-err><![CDATA[]]></system-err>
</testsuite>
