<?xml version="1.0" encoding="UTF-8"?>
<testsuite name="TestMove" tests="1" skipped="0" failures="0" errors="0" timestamp="2021-04-29T19:06:55" hostname="DESKTOP-JL5VDRM" time="0.019">
  <properties/>
  <testcase name="CommandStringCheck()" classname="TestMove" time="0.019"/>
  <system-out><![CDATA[47 [Test worker] INFO com.company.RunLogGame  - Log Game start ...
47 [Test worker] INFO com.company.RunLogGame  - Log Game start ...
47 [Test worker] INFO com.company.RunLogGame  - Log Game start ...
48 [Test worker] INFO com.company.CommandDictionary  - file was opened
48 [Test worker] INFO com.company.CommandDictionary  - file was opened
48 [Test worker] INFO com.company.CommandDictionary  - file was opened
48 [Test worker] INFO com.company.CommandDictionary  - all commands were parsed
48 [Test worker] INFO com.company.CommandDictionary  - all commands were parsed
48 [Test worker] INFO com.company.CommandDictionary  - all commands were parsed
49 [Test worker] INFO com.company.CommandFabric  - INIT class was added
49 [Test worker] INFO com.company.CommandFabric  - INIT class was added
49 [Test worker] INFO com.company.CommandFabric  - INIT class was added
50 [Test worker] INFO com.company.commands.InitCommand  - INIT command was done
50 [Test worker] INFO com.company.commands.InitCommand  - INIT command was done
50 [Test worker] INFO com.company.commands.InitCommand  - INIT command was done
. . . . . . . . . . 
. . . . . . . . . . 
. . R . . . . . . . 
. . . . . . . . . . 
. . . . . . . . . . 
. . . . . . . . . . 
. . . . . . . . . . 
. . . . . . . . . . 
. . . . . . . . . . 
. . . . . . . . . . 
52 [Test worker] INFO com.company.CommandFabric  - INIT class was taken
52 [Test worker] INFO com.company.CommandFabric  - INIT class was taken
52 [Test worker] INFO com.company.CommandFabric  - INIT class was taken
Wrong command name
54 [Test worker] INFO com.company.CommandFabric  - MOVE class was added
54 [Test worker] INFO com.company.CommandFabric  - MOVE class was added
54 [Test worker] INFO com.company.CommandFabric  - MOVE class was added
57 [Test worker] INFO com.company.commands.MoveCommand  - MOVE command was done
57 [Test worker] INFO com.company.commands.MoveCommand  - MOVE command was done
57 [Test worker] INFO com.company.commands.MoveCommand  - MOVE command was done
. . . . . . . . . . 
. . . . . . . . . . 
. . . . . . . . . . 
. . . . . . . . . . 
. . . . . . . . . . 
. . . . . . . . . . 
. . . . . . . . . . 
. . . . . . . . . . 
. . . . . . . . . . 
. . R . . . . . . . 
59 [Test worker] INFO com.company.CommandFabric  - MOVE class was taken
59 [Test worker] INFO com.company.CommandFabric  - MOVE class was taken
59 [Test worker] INFO com.company.CommandFabric  - MOVE class was taken
60 [Test worker] INFO com.company.commands.MoveCommand  - MOVE command was done
60 [Test worker] INFO com.company.commands.MoveCommand  - MOVE command was done
60 [Test worker] INFO com.company.commands.MoveCommand  - MOVE command was done
. . . . . . . . . . 
. . . . . . . . . . 
. . . . . . . . . . 
. . . . . . . . . . 
. . . . . . . . . . 
. . . . . . . . . . 
. . . . . . . . . . 
. . . . . . . . . . 
. . . . . . . . . . 
. . R . . . . . . . 
62 [Test worker] INFO com.company.CommandFabric  - MOVE class was taken
62 [Test worker] INFO com.company.CommandFabric  - MOVE class was taken
62 [Test worker] INFO com.company.CommandFabric  - MOVE class was taken
Wrong arguments
62 [Test worker] INFO com.company.CommandFabric  - MOVE class was taken
62 [Test worker] INFO com.company.CommandFabric  - MOVE class was taken
62 [Test worker] INFO com.company.CommandFabric  - MOVE class was taken
Wrong number of arguments
63 [Test worker] INFO com.company.CommandFabric  - MOVE class was taken
63 [Test worker] INFO com.company.CommandFabric  - MOVE class was taken
63 [Test worker] INFO com.company.CommandFabric  - MOVE class was taken
Wrong number of arguments
64 [Test worker] INFO com.company.CommandFabric  - MOVE class was taken
64 [Test worker] INFO com.company.CommandFabric  - MOVE class was taken
64 [Test worker] INFO com.company.CommandFabric  - MOVE class was taken
64 [Test worker] INFO TestMove  - TestMove Completed
64 [Test worker] INFO TestMove  - TestMove Completed
64 [Test worker] INFO TestMove  - TestMove Completed
Wrong command name
]]></system-out>
  <system-err><![CDATA[]]></system-err>
</testsuite>
