<?xml version="1.0" encoding="UTF-8"?>
<testsuite name="TestWard" tests="1" skipped="0" failures="0" errors="0" timestamp="2021-04-30T05:07:26" hostname="DESKTOP-JL5VDRM" time="0.02">
  <properties/>
  <testcase name="CommandStringCheck()" classname="TestWard" time="0.02"/>
  <system-out><![CDATA[139 [Test worker] INFO com.company.RunLogGame  - Log Game start ...
139 [Test worker] INFO com.company.RunLogGame  - Log Game start ...
139 [Test worker] INFO com.company.RunLogGame  - Log Game start ...
139 [Test worker] INFO com.company.RunLogGame  - Log Game start ...
139 [Test worker] INFO com.company.RunLogGame  - Log Game start ...
142 [Test worker] INFO com.company.CommandDictionary  - file was opened
142 [Test worker] INFO com.company.CommandDictionary  - file was opened
142 [Test worker] INFO com.company.CommandDictionary  - file was opened
142 [Test worker] INFO com.company.CommandDictionary  - file was opened
142 [Test worker] INFO com.company.CommandDictionary  - file was opened
143 [Test worker] INFO com.company.CommandDictionary  - all commands were parsed
143 [Test worker] INFO com.company.CommandDictionary  - all commands were parsed
143 [Test worker] INFO com.company.CommandDictionary  - all commands were parsed
143 [Test worker] INFO com.company.CommandDictionary  - all commands were parsed
143 [Test worker] INFO com.company.CommandDictionary  - all commands were parsed
144 [Test worker] INFO com.company.CommandFabric  - INIT class was added
144 [Test worker] INFO com.company.CommandFabric  - INIT class was added
144 [Test worker] INFO com.company.CommandFabric  - INIT class was added
144 [Test worker] INFO com.company.CommandFabric  - INIT class was added
144 [Test worker] INFO com.company.CommandFabric  - INIT class was added
145 [Test worker] INFO com.company.commands.InitCommand  - INIT command was done
145 [Test worker] INFO com.company.commands.InitCommand  - INIT command was done
145 [Test worker] INFO com.company.commands.InitCommand  - INIT command was done
145 [Test worker] INFO com.company.commands.InitCommand  - INIT command was done
145 [Test worker] INFO com.company.commands.InitCommand  - INIT command was done
. . . . . . . . . . 
. . . . . . . . . . 
. . R . . . . . . . 
. . . . . . . . . . 
. . . . . . . . . . 
. . . . . . . . . . 
. . . . . . . . . . 
. . . . . . . . . . 
. . . . . . . . . . 
. . . . . . . . . . 
147 [Test worker] INFO com.company.CommandFabric  - INIT class was taken
147 [Test worker] INFO com.company.CommandFabric  - INIT class was taken
147 [Test worker] INFO com.company.CommandFabric  - INIT class was taken
147 [Test worker] INFO com.company.CommandFabric  - INIT class was taken
147 [Test worker] INFO com.company.CommandFabric  - INIT class was taken
150 [Test worker] INFO com.company.CommandFabric  - WARD class was added
150 [Test worker] INFO com.company.CommandFabric  - WARD class was added
150 [Test worker] INFO com.company.CommandFabric  - WARD class was added
150 [Test worker] INFO com.company.CommandFabric  - WARD class was added
150 [Test worker] INFO com.company.CommandFabric  - WARD class was added
Wrong number of arguments
151 [Test worker] INFO com.company.CommandFabric  - WARD class was taken
151 [Test worker] INFO com.company.CommandFabric  - WARD class was taken
151 [Test worker] INFO com.company.CommandFabric  - WARD class was taken
151 [Test worker] INFO com.company.CommandFabric  - WARD class was taken
151 [Test worker] INFO com.company.CommandFabric  - WARD class was taken
Wrong number of arguments
153 [Test worker] INFO com.company.CommandFabric  - WARD class was taken
153 [Test worker] INFO com.company.CommandFabric  - WARD class was taken
153 [Test worker] INFO com.company.CommandFabric  - WARD class was taken
153 [Test worker] INFO com.company.CommandFabric  - WARD class was taken
153 [Test worker] INFO com.company.CommandFabric  - WARD class was taken
Wrong command name
155 [Test worker] INFO com.company.commands.WardCommand  - WARD command was done
155 [Test worker] INFO com.company.commands.WardCommand  - WARD command was done
155 [Test worker] INFO com.company.commands.WardCommand  - WARD command was done
155 [Test worker] INFO com.company.commands.WardCommand  - WARD command was done
155 [Test worker] INFO com.company.commands.WardCommand  - WARD command was done
. . . . . . . . . . 
. . . . . . . . . . 
. . R . . . . . . . 
. . . . . . . . . . 
. . . . . . . . . . 
. . . . . . . . . . 
. . . . . . . . . . 
. . . . . . . . . . 
. . . . . . . . . . 
. . . . . . . . . . 
157 [Test worker] INFO com.company.CommandFabric  - WARD class was taken
157 [Test worker] INFO com.company.CommandFabric  - WARD class was taken
157 [Test worker] INFO com.company.CommandFabric  - WARD class was taken
157 [Test worker] INFO com.company.CommandFabric  - WARD class was taken
157 [Test worker] INFO com.company.CommandFabric  - WARD class was taken
Wrong command name
]]></system-out>
  <system-err><![CDATA[]]></system-err>
</testsuite>
